lucasmsp@lucasmsp-S550CB ~/workspace/BigSea/waze-jams/compss $ sh submit_waze_jams.sh 
Ter Jun 20 13:02:49 BRT 2017
[  INFO] Using default execution type: compss
[  INFO] Using default location for project file: /opt/COMPSs/COMPSs/Runtime/configuration/xml/projects/default_project.xml
[  INFO] Using default location for resources file: /opt/COMPSs/COMPSs/Runtime/configuration/xml/resources/default_resources.xml

----------------- Executing waze_jams.py --------------------------

Picked up _JAVA_OPTIONS: -Xloggc:/home/lucasmsp/gc.log -verbose:gc -XX:+PrintGCDateStamps -XX:+PrintGCDetails
WARNING: IT Properties file is null. Setting default values
[(1127)    API]  -  Starting COMPSs Runtime v2.0 (build 20161222-1313.r2680)
Running Waze-jams-compss with the parameters:
	- Filename:/home/lucasmsp/workspace/BigSea/waze-jams/sample
	- numFrag: 4
[(2703)    API]  -  Creating task from method prepare in waze_jams
[(2716)    API]  -  Creating task from method compute in waze_jams
[(2720)    API]  -  Creating task from method compute in waze_jams
[(2724)    API]  -  Creating task from method compute in waze_jams
[(2734)    API]  -  Creating task from method compute in waze_jams
[(2744)    API]  -  Creating task from method compute in waze_jams
[(2748)    API]  -  Creating task from method compute in waze_jams
[(2753)    API]  -  Creating task from method compute in waze_jams
[(2757)    API]  -  Creating task from method compute in waze_jams
[(2762)    API]  -  Creating task from method compute in waze_jams
[(2765)    API]  -  Creating task from method compute in waze_jams
[(2768)    API]  -  Creating task from method compute in waze_jams
[(2772)    API]  -  Creating task from method compute in waze_jams
[(2779)    API]  -  Creating task from method compute in waze_jams
[(2785)    API]  -  Creating task from method compute in waze_jams
[(2790)    API]  -  Creating task from method compute in waze_jams
[(2796)    API]  -  Creating task from method compute in waze_jams
[(2804)    API]  -  Creating task from method compute in waze_jams
[(2812)    API]  -  Creating task from method compute in waze_jams
[(2818)    API]  -  Creating task from method compute in waze_jams
[(2825)    API]  -  Creating task from method compute in waze_jams
[(2827)    API]  -  Opening file /home/lucasmsp/.COMPSs/waze_jams.py_45//tmpFiles/pycompssZfngx8/compss-serialized-obj_140495158499408 in mode INOUT
[(136277)    API]  -  Opening file /home/lucasmsp/.COMPSs/waze_jams.py_45//tmpFiles/pycompssZfngx8/compss-serialized-obj_140495158501008 in mode INOUT
[(138511)    API]  -  Opening file /home/lucasmsp/.COMPSs/waze_jams.py_45//tmpFiles/pycompssZfngx8/compss-serialized-obj_140495158501072 in mode INOUT
[(138622)    API]  -  Opening file /home/lucasmsp/.COMPSs/waze_jams.py_45//tmpFiles/pycompssZfngx8/compss-serialized-obj_140495158501136 in mode INOUT
[(138640)    API]  -  Opening file /home/lucasmsp/.COMPSs/waze_jams.py_45//tmpFiles/pycompssZfngx8/compss-serialized-obj_140495158501200 in mode INOUT
[(280020)    API]  -  Opening file /home/lucasmsp/.COMPSs/waze_jams.py_45//tmpFiles/pycompssZfngx8/compss-serialized-obj_140495158501264 in mode INOUT
[(280039)    API]  -  Opening file /home/lucasmsp/.COMPSs/waze_jams.py_45//tmpFiles/pycompssZfngx8/compss-serialized-obj_140495158501328 in mode INOUT
[(281465)    API]  -  Opening file /home/lucasmsp/.COMPSs/waze_jams.py_45//tmpFiles/pycompssZfngx8/compss-serialized-obj_140494544765008 in mode INOUT
[(281491)    API]  -  Opening file /home/lucasmsp/.COMPSs/waze_jams.py_45//tmpFiles/pycompssZfngx8/compss-serialized-obj_140494544765072 in mode INOUT
[(419716)    API]  -  Opening file /home/lucasmsp/.COMPSs/waze_jams.py_45//tmpFiles/pycompssZfngx8/compss-serialized-obj_140494544765136 in mode INOUT
[(419747)    API]  -  Opening file /home/lucasmsp/.COMPSs/waze_jams.py_45//tmpFiles/pycompssZfngx8/compss-serialized-obj_140494544765200 in mode INOUT
[(422046)    API]  -  Opening file /home/lucasmsp/.COMPSs/waze_jams.py_45//tmpFiles/pycompssZfngx8/compss-serialized-obj_140494544765264 in mode INOUT
[(422082)    API]  -  Opening file /home/lucasmsp/.COMPSs/waze_jams.py_45//tmpFiles/pycompssZfngx8/compss-serialized-obj_140494544765328 in mode INOUT
[(564275)    API]  -  Opening file /home/lucasmsp/.COMPSs/waze_jams.py_45//tmpFiles/pycompssZfngx8/compss-serialized-obj_140494544765392 in mode INOUT
[(564305)    API]  -  Opening file /home/lucasmsp/.COMPSs/waze_jams.py_45//tmpFiles/pycompssZfngx8/compss-serialized-obj_140494544765456 in mode INOUT
[(566391)    API]  -  Opening file /home/lucasmsp/.COMPSs/waze_jams.py_45//tmpFiles/pycompssZfngx8/compss-serialized-obj_140494544765520 in mode INOUT
[(567347)    API]  -  Opening file /home/lucasmsp/.COMPSs/waze_jams.py_45//tmpFiles/pycompssZfngx8/compss-serialized-obj_140494544765584 in mode INOUT
[(702807)    API]  -  Opening file /home/lucasmsp/.COMPSs/waze_jams.py_45//tmpFiles/pycompssZfngx8/compss-serialized-obj_140494544765648 in mode INOUT
[(705942)    API]  -  Opening file /home/lucasmsp/.COMPSs/waze_jams.py_45//tmpFiles/pycompssZfngx8/compss-serialized-obj_140494544765712 in mode INOUT
[(706331)    API]  -  Opening file /home/lucasmsp/.COMPSs/waze_jams.py_45//tmpFiles/pycompssZfngx8/compss-serialized-obj_140494544765776 in mode INOUT
Elapsed 705 seconds
[(708686)    API]  -  No more tasks for app 0
[(708791)    API]  -  Stop IT reached
[(708959)    API]  -  Execution Finished

------------------------------------------------------------
Ter Jun 20 13:14:39 BRT 2017

